C51 COMPILER V9.60.0.0   MAIN                                                              04/20/2020 00:46:22 PAGE 1   


C51 COMPILER V9.60.0.0, COMPILATION OF MODULE MAIN
OBJECT MODULE PLACED IN .\Objects\main.obj
COMPILER INVOKED BY: C:\Keil_v5\C51\BIN\C51.EXE main.c OPTIMIZE(8,SPEED) BROWSE DEBUG OBJECTEXTEND PRINT(.\Listings\main
                    -.lst) TABS(2) OBJECT(.\Objects\main.obj)

line level    source

   1          #include <REGX52.H>
   2          sbit Led_Pin=P2^4;
   3          sbit Pin_In  =P1^4;
   4          void main(){
   5   1        //int Led_Pin =0; // neu dat them kieu int vào truoc se hieu la 1 bien, kp chan
   6   1        Led_Pin=0;
   7   1        if(Pin_In==1)
   8   1          {
   9   2            Led_Pin = 1;
  10   2            }
  11   1          else
  12   1            Led_Pin =0;
  13   1        
  14   1      }


MODULE INFORMATION:   STATIC OVERLAYABLE
   CODE SIZE        =     11    ----
   CONSTANT SIZE    =   ----    ----
   XDATA SIZE       =   ----    ----
   PDATA SIZE       =   ----    ----
   DATA SIZE        =   ----    ----
   IDATA SIZE       =   ----    ----
   BIT SIZE         =   ----    ----
END OF MODULE INFORMATION.


C51 COMPILATION COMPLETE.  0 WARNING(S),  0 ERROR(S)
