C51 COMPILER V9.60.0.0   MAIN                                                              04/23/2020 10:37:51 PAGE 1   


C51 COMPILER V9.60.0.0, COMPILATION OF MODULE MAIN
OBJECT MODULE PLACED IN .\Objects\main.obj
COMPILER INVOKED BY: C:\Keil_v5\C51\BIN\C51.EXE main.c OPTIMIZE(8,SPEED) BROWSE DEBUG OBJECTEXTEND PRINT(.\Listings\main
                    -.lst) TABS(2) OBJECT(.\Objects\main.obj)

line level    source

   1          #include<REGX52.H>
   2          #define FRE_OSC 11059200
   3          void delay_ms_Timer0(unsigned int t)
   4          {
   5   1        do{
   6   2        TH0=0xFC;
   7   2        TL0=0x66;
   8   2        TMOD&=0xF0;
   9   2        TMOD|=0xF1;
  10   2        TR0=1;
  11   2        while(!TF0);
  12   2        TF0=0;
  13   2        t--;
  14   2        }while(t>0);
  15   1      }
  16          void main()
  17          {
  18   1        while(1)
  19   1        {
  20   2          P2_0=~P2_0;
  21   2          delay_ms_Timer0(500);
  22   2        }
  23   1      }


MODULE INFORMATION:   STATIC OVERLAYABLE
   CODE SIZE        =     45    ----
   CONSTANT SIZE    =   ----    ----
   XDATA SIZE       =   ----    ----
   PDATA SIZE       =   ----    ----
   DATA SIZE        =   ----    ----
   IDATA SIZE       =   ----    ----
   BIT SIZE         =   ----    ----
END OF MODULE INFORMATION.


C51 COMPILATION COMPLETE.  0 WARNING(S),  0 ERROR(S)
