C51 COMPILER V9.60.0.0   MAIN                                                              04/20/2020 21:39:02 PAGE 1   


C51 COMPILER V9.60.0.0, COMPILATION OF MODULE MAIN
OBJECT MODULE PLACED IN .\Objects\main.obj
COMPILER INVOKED BY: C:\Keil_v5\C51\BIN\C51.EXE main.c OPTIMIZE(8,SPEED) BROWSE DEBUG OBJECTEXTEND PRINT(.\Listings\main
                    -.lst) TABS(2) OBJECT(.\Objects\main.obj)

line level    source

   1          #include <REGX52.H>
   2          int i,j;
   3          void Uart_Connect(unsigned char c)
   4            {
   5   1          SBUF= c;
   6   1          while(TI==0);
   7   1          TI=0;
   8   1          P3_2=0;
   9   1          P3_2=1;
  10   1        }
  11          void delay_ms(int t){
  12   1        for( i=0;i<=t;i++)
  13   1        for(j=0;j<123;j++);
  14   1      }
  15          void main(){
  16   1           SM0=SM1=0;
  17   1           while(1){
  18   2           Uart_Connect(0x55);
  19   2           delay_ms(30000);
  20   2           Uart_Connect(0xAA);
  21   2           delay_ms(300);}
  22   1      }
  23            
  24             


MODULE INFORMATION:   STATIC OVERLAYABLE
   CODE SIZE        =     92    ----
   CONSTANT SIZE    =   ----    ----
   XDATA SIZE       =   ----    ----
   PDATA SIZE       =   ----    ----
   DATA SIZE        =      4    ----
   IDATA SIZE       =   ----    ----
   BIT SIZE         =   ----    ----
END OF MODULE INFORMATION.


C51 COMPILATION COMPLETE.  0 WARNING(S),  0 ERROR(S)
