C51 COMPILER V9.60.0.0   MAIN                                                              04/23/2020 19:25:25 PAGE 1   


C51 COMPILER V9.60.0.0, COMPILATION OF MODULE MAIN
OBJECT MODULE PLACED IN .\Objects\main.obj
COMPILER INVOKED BY: C:\Keil_v5\C51\BIN\C51.EXE main.c OPTIMIZE(8,SPEED) BROWSE DEBUG OBJECTEXTEND PRINT(.\Listings\main
                    -.lst) TABS(2) OBJECT(.\Objects\main.obj)

line level    source

   1          #include <regx52.h>
   2          #include "LIB_lcd_8051.h"
   3          #include "Port_lcd_4bit.h"
   4          #include <stdio.h>
   5          char str[20];
   6          void Dem_Products(int t)
   7          {
   8   1        while(1){
   9   2        t=0;
  10   2        do{
  11   3        LCD_Init();
  12   3        LCD_Print("Vu Cuong Thinh99");
  13   3        LCD_SetCursor(1,0);
  14   3        sprintf(str,"so sp: %d",t);
  15   3        LCD_Print(str);
  16   3        while(P3_2);
  17   3        while(!P3_2);
  18   3        t++;
  19   3        //delay_ms(300);
  20   3        LCD_Clear();
  21   3        }while(t<7);
  22   2        while(t>=7)
  23   2          {LCD_Print("Vu Cuong Thinh99");
  24   3        LCD_SetCursor(1,0);
  25   3        LCD_Print("Warning Overflow");
  26   3        }
  27   2      }
  28   1        }
  29          void main(){
  30   1        unsigned int t;
  31   1        Dem_Products(t);
  32   1        while(1){}
  33   1        
  34   1      }
  35            
  36            
  37          


MODULE INFORMATION:   STATIC OVERLAYABLE
   CODE SIZE        =    140    ----
   CONSTANT SIZE    =     44    ----
   XDATA SIZE       =   ----    ----
   PDATA SIZE       =   ----    ----
   DATA SIZE        =     20       4
   IDATA SIZE       =   ----    ----
   BIT SIZE         =   ----    ----
END OF MODULE INFORMATION.


C51 COMPILATION COMPLETE.  0 WARNING(S),  0 ERROR(S)
