C51 COMPILER V9.60.0.0   MAIN                                                              04/26/2020 00:13:05 PAGE 1   


C51 COMPILER V9.60.0.0, COMPILATION OF MODULE MAIN
OBJECT MODULE PLACED IN .\Objects\main.obj
COMPILER INVOKED BY: C:\Keil_v5\C51\BIN\C51.EXE main.c OPTIMIZE(8,SPEED) BROWSE DEBUG OBJECTEXTEND PRINT(.\Listings\main
                    -.lst) TABS(2) OBJECT(.\Objects\main.obj)

line level    source

   1          #include <REGX52.H>
   2          sbit PWM_Pin = P2^0;
   3          int i,j;
   4          unsigned int T, T_ON;
   5          void delay_ms(unsigned int t)
   6          {
   7   1        for(i=0;i<=t;i++)
   8   1        { for( j=0;j<123;j++);
   9   2        }
  10   1      }
  11          
  12          void main()
  13          { //cho Led sang , tat dan
  14   1        T= 1000;
  15   1        T_ON=0;
  16   1        for(j=0;j<1000;j+=100)
  17   1        {
  18   2          T_ON=j;
  19   2          PWM_Pin=1;
  20   2          delay_ms(T_ON);
  21   2          PWM_Pin=0;
  22   2          delay_ms(T-T_ON);
  23   2        }
  24   1        while(1){}
  25   1          
  26   1        
  27   1        //dieu che PWM
  28   1        /*while(1)  
  29   1        {
  30   1         PWM_Pin=1;
  31   1        delay_ms(200);
  32   1         PWM_Pin=~PWM_Pin;
  33   1        delay_ms(800);   // duty cycle=0,2
  34   1        }*/
  35   1      }
  36            
  37          
  38          
  39          
  40          
  41          


MODULE INFORMATION:   STATIC OVERLAYABLE
   CODE SIZE        =    118    ----
   CONSTANT SIZE    =   ----    ----
   XDATA SIZE       =   ----    ----
   PDATA SIZE       =   ----    ----
   DATA SIZE        =      8    ----
   IDATA SIZE       =   ----    ----
   BIT SIZE         =   ----    ----
END OF MODULE INFORMATION.


C51 COMPILATION COMPLETE.  0 WARNING(S),  0 ERROR(S)
